<?xml version="1.0" encoding="UTF-8"?>
<testng-results skipped="0" failed="0" total="2" passed="2">
  <reporter-output>
  </reporter-output>
  <suite name="Suite" duration-ms="61574" started-at="2017-07-07T12:48:49Z" finished-at="2017-07-07T12:49:50Z">
    <groups>
    </groups>
    <test name="firefoxTestcases" duration-ms="31028" started-at="2017-07-07T12:48:49Z" finished-at="2017-07-07T12:49:20Z">
      <class name="SF.salesforce.UserDetails_grid">
        <test-method status="PASS" signature="testgrid(java.lang.String)[pri:0, instance:SF.salesforce.UserDetails_grid@5d5eef3d]" name="testgrid" is-config="true" duration-ms="5253" started-at="2017-07-07T18:18:49Z" finished-at="2017-07-07T18:18:54Z">
          <params>
            <param index="0">
              <value>
                <![CDATA[firefox]]>
              </value>
            </param>
          </params>
          <reporter-output>
          </reporter-output>
        </test-method> <!-- testgrid -->
        <test-method status="PASS" signature="sflogin()[pri:0, instance:SF.salesforce.UserDetails_grid@5d5eef3d]" name="sflogin" is-config="true" duration-ms="4289" started-at="2017-07-07T18:18:54Z" finished-at="2017-07-07T18:18:58Z">
          <reporter-output>
          </reporter-output>
        </test-method> <!-- sflogin -->
        <test-method status="PASS" signature="Signup()[pri:0, instance:SF.salesforce.UserDetails_grid@5d5eef3d]" name="Signup" duration-ms="21463" started-at="2017-07-07T18:18:58Z" finished-at="2017-07-07T18:19:20Z">
          <reporter-output>
          </reporter-output>
        </test-method> <!-- Signup -->
        <test-method status="PASS" signature="closeBrowser()[pri:0, instance:SF.salesforce.UserDetails_grid@5d5eef3d]" name="closeBrowser" is-config="true" duration-ms="1" started-at="2017-07-07T18:19:20Z" finished-at="2017-07-07T18:19:20Z">
          <reporter-output>
          </reporter-output>
        </test-method> <!-- closeBrowser -->
      </class> <!-- SF.salesforce.UserDetails_grid -->
    </test> <!-- firefoxTestcases -->
    <test name="chromeTestcases" duration-ms="30528" started-at="2017-07-07T12:49:20Z" finished-at="2017-07-07T12:49:50Z">
      <class name="SF.salesforce.UserDetails_grid">
        <test-method status="PASS" signature="testgrid(java.lang.String)[pri:0, instance:SF.salesforce.UserDetails_grid@68be2bc2]" name="testgrid" is-config="true" duration-ms="9886" started-at="2017-07-07T18:19:20Z" finished-at="2017-07-07T18:19:30Z">
          <params>
            <param index="0">
              <value>
                <![CDATA[chrome]]>
              </value>
            </param>
          </params>
          <reporter-output>
          </reporter-output>
        </test-method> <!-- testgrid -->
        <test-method status="PASS" signature="sflogin()[pri:0, instance:SF.salesforce.UserDetails_grid@68be2bc2]" name="sflogin" is-config="true" duration-ms="5083" started-at="2017-07-07T18:19:30Z" finished-at="2017-07-07T18:19:35Z">
          <reporter-output>
          </reporter-output>
        </test-method> <!-- sflogin -->
        <test-method status="PASS" signature="Signup()[pri:0, instance:SF.salesforce.UserDetails_grid@68be2bc2]" name="Signup" duration-ms="15551" started-at="2017-07-07T18:19:35Z" finished-at="2017-07-07T18:19:50Z">
          <reporter-output>
          </reporter-output>
        </test-method> <!-- Signup -->
        <test-method status="PASS" signature="closeBrowser()[pri:0, instance:SF.salesforce.UserDetails_grid@68be2bc2]" name="closeBrowser" is-config="true" duration-ms="1" started-at="2017-07-07T18:19:50Z" finished-at="2017-07-07T18:19:50Z">
          <reporter-output>
          </reporter-output>
        </test-method> <!-- closeBrowser -->
      </class> <!-- SF.salesforce.UserDetails_grid -->
    </test> <!-- chromeTestcases -->
  </suite> <!-- Suite -->
</testng-results>
